# JRE version: Java(TM) SE Runtime Environment (13.0.2+8) (build 13.0.2+8)
# Java VM: Java HotSpot(TM) 64-Bit Server VM (13.0.2+8, mixed mode, sharing, tiered, compressed oops, g1 gc, windows-amd64)
Heap:
 garbage-first heap   total 836608K, used 228864K [0x0000000082800000, 0x0000000100000000)
  region size 1024K, 3 young (3072K), 3 survivors (3072K)
 Metaspace       used 1339K, capacity 5063K, committed 5120K, reserved 1056768K
  class space    used 123K, capacity 477K, committed 512K, reserved 1048576K
GC Heap History (20 events):
Event: 2.226 GC heap after
{Heap after GC invocations=3 (full 0):
 garbage-first heap   total 129024K, used 41472K [0x0000000082800000, 0x0000000100000000)
  region size 1024K, 1 young (1024K), 1 survivors (1024K)
 Metaspace       used 1339K, capacity 5063K, committed 5120K, reserved 1056768K
  class space    used 123K, capacity 477K, committed 512K, reserved 1048576K
}
Event: 2.233 GC heap before
{Heap before GC invocations=3 (full 0):
 garbage-first heap   total 129024K, used 46592K [0x0000000082800000, 0x0000000100000000)
  region size 1024K, 6 young (6144K), 1 survivors (1024K)
 Metaspace       used 1339K, capacity 5063K, committed 5120K, reserved 1056768K
  class space    used 123K, capacity 477K, committed 512K, reserved 1048576K
}
Event: 2.241 GC heap after
{Heap after GC invocations=4 (full 0):
 garbage-first heap   total 129024K, used 47092K [0x0000000082800000, 0x0000000100000000)
  region size 1024K, 1 young (1024K), 1 survivors (1024K)
 Metaspace       used 1339K, capacity 5063K, committed 5120K, reserved 1056768K
  class space    used 123K, capacity 477K, committed 512K, reserved 1048576K
}
Event: 2.247 GC heap before
{Heap before GC invocations=4 (full 0):
 garbage-first heap   total 129024K, used 52212K [0x0000000082800000, 0x0000000100000000)
  region size 1024K, 6 young (6144K), 1 survivors (1024K)
 Metaspace       used 1339K, capacity 5063K, committed 5120K, reserved 1056768K
  class space    used 123K, capacity 477K, committed 512K, reserved 1048576K
}
Event: 2.265 GC heap after
{Heap after GC invocations=5 (full 0):
 garbage-first heap   total 155648K, used 52603K [0x0000000082800000, 0x0000000100000000)
  region size 1024K, 1 young (1024K), 1 survivors (1024K)
 Metaspace       used 1339K, capacity 5063K, committed 5120K, reserved 1056768K
  class space    used 123K, capacity 477K, committed 512K, reserved 1048576K
}
Event: 2.292 GC heap before
{Heap before GC invocations=5 (full 0):
 garbage-first heap   total 155648K, used 68987K [0x0000000082800000, 0x0000000100000000)
  region size 1024K, 17 young (17408K), 1 survivors (1024K)
 Metaspace       used 1339K, capacity 5063K, committed 5120K, reserved 1056768K
  class space    used 123K, capacity 477K, committed 512K, reserved 1048576K
}
Event: 2.313 GC heap after
{Heap after GC invocations=6 (full 0):
 garbage-first heap   total 155648K, used 69628K [0x0000000082800000, 0x0000000100000000)
  region size 1024K, 3 young (3072K), 3 survivors (3072K)
 Metaspace       used 1339K, capacity 5063K, committed 5120K, reserved 1056768K
  class space    used 123K, capacity 477K, committed 512K, reserved 1048576K
}
Event: 2.343 GC heap before
{Heap before GC invocations=6 (full 0):
 garbage-first heap   total 155648K, used 91132K [0x0000000082800000, 0x0000000100000000)
  region size 1024K, 24 young (24576K), 3 survivors (3072K)
 Metaspace       used 1339K, capacity 5063K, committed 5120K, reserved 1056768K
  class space    used 123K, capacity 477K, committed 512K, reserved 1048576K
}
Event: 2.373 GC heap after
{Heap after GC invocations=7 (full 0):
 garbage-first heap   total 155648K, used 91648K [0x0000000082800000, 0x0000000100000000)
  region size 1024K, 3 young (3072K), 3 survivors (3072K)
 Metaspace       used 1339K, capacity 5063K, committed 5120K, reserved 1056768K
  class space    used 123K, capacity 477K, committed 512K, reserved 1048576K
}
Event: 2.400 GC heap before
{Heap before GC invocations=7 (full 0):
 garbage-first heap   total 155648K, used 104960K [0x0000000082800000, 0x0000000100000000)
  region size 1024K, 17 young (17408K), 3 survivors (3072K)
 Metaspace       used 1339K, capacity 5063K, committed 5120K, reserved 1056768K
  class space    used 123K, capacity 477K, committed 512K, reserved 1048576K
}
Event: 2.418 GC heap after
{Heap after GC invocations=8 (full 0):
 garbage-first heap   total 155648K, used 106496K [0x0000000082800000, 0x0000000100000000)
  region size 1024K, 3 young (3072K), 3 survivors (3072K)
 Metaspace       used 1339K, capacity 5063K, committed 5120K, reserved 1056768K
  class space    used 123K, capacity 477K, committed 512K, reserved 1048576K
}
Event: 2.434 GC heap before
{Heap before GC invocations=8 (full 0):
 garbage-first heap   total 155648K, used 116736K [0x0000000082800000, 0x0000000100000000)
  region size 1024K, 13 young (13312K), 3 survivors (3072K)
 Metaspace       used 1339K, capacity 5063K, committed 5120K, reserved 1056768K
  class space    used 123K, capacity 477K, committed 512K, reserved 1048576K
}
Event: 2.468 GC heap after
{Heap after GC invocations=9 (full 0):
 garbage-first heap   total 273408K, used 117760K [0x0000000082800000, 0x0000000100000000)
  region size 1024K, 2 young (2048K), 2 survivors (2048K)
 Metaspace       used 1339K, capacity 5063K, committed 5120K, reserved 1056768K
  class space    used 123K, capacity 477K, committed 512K, reserved 1048576K
}
Event: 2.563 GC heap before
{Heap before GC invocations=9 (full 0):
 garbage-first heap   total 273408K, used 157696K [0x0000000082800000, 0x0000000100000000)
  region size 1024K, 41 young (41984K), 2 survivors (2048K)
 Metaspace       used 1339K, capacity 5063K, committed 5120K, reserved 1056768K
  class space    used 123K, capacity 477K, committed 512K, reserved 1048576K
}
Event: 2.593 GC heap after
{Heap after GC invocations=10 (full 0):
 garbage-first heap   total 273408K, used 158095K [0x0000000082800000, 0x0000000100000000)
  region size 1024K, 6 young (6144K), 6 survivors (6144K)
 Metaspace       used 1339K, capacity 5063K, committed 5120K, reserved 1056768K
  class space    used 123K, capacity 477K, committed 512K, reserved 1048576K
}
Event: 2.651 GC heap before
{Heap before GC invocations=10 (full 0):
 garbage-first heap   total 291840K, used 184719K [0x0000000082800000, 0x0000000100000000)
  region size 1024K, 32 young (32768K), 6 survivors (6144K)
 Metaspace       used 1339K, capacity 5063K, committed 5120K, reserved 1056768K
  class space    used 123K, capacity 477K, committed 512K, reserved 1048576K
}
Event: 2.674 GC heap after
{Heap after GC invocations=11 (full 0):
 garbage-first heap   total 291840K, used 186880K [0x0000000082800000, 0x0000000100000000)
  region size 1024K, 4 young (4096K), 4 survivors (4096K)
 Metaspace       used 1339K, capacity 5063K, committed 5120K, reserved 1056768K
  class space    used 123K, capacity 477K, committed 512K, reserved 1048576K
}
Event: 2.710 GC heap before
{Heap before GC invocations=11 (full 0):
 garbage-first heap   total 291840K, used 209408K [0x0000000082800000, 0x0000000100000000)
  region size 1024K, 26 young (26624K), 4 survivors (4096K)
 Metaspace       used 1339K, capacity 5063K, committed 5120K, reserved 1056768K
  class space    used 123K, capacity 477K, committed 512K, reserved 1048576K
}
Event: 2.729 GC heap after
{Heap after GC invocations=12 (full 0):
 garbage-first heap   total 291840K, used 210944K [0x0000000082800000, 0x0000000100000000)
  region size 1024K, 4 young (4096K), 4 survivors (4096K)
 Metaspace       used 1339K, capacity 5063K, committed 5120K, reserved 1056768K
  class space    used 123K, capacity 477K, committed 512K, reserved 1048576K
}
Event: 2.765 GC heap before
{Heap before GC invocations=12 (full 0):
 garbage-first heap   total 291840K, used 227328K [0x0000000082800000, 0x0000000100000000)
  region size 1024K, 19 young (19456K), 4 survivors (4096K)
 Metaspace       used 1339K, capacity 5063K, committed 5120K, reserved 1056768K
  class space    used 123K, capacity 477K, committed 512K, reserved 1048576K
}

