# JRE version: Java(TM) SE Runtime Environment (13.0.2+8) (build 13.0.2+8)
# Java VM: Java HotSpot(TM) 64-Bit Server VM (13.0.2+8, mixed mode, sharing, tiered, compressed oops, g1 gc, windows-amd64)
Heap:
 garbage-first heap   total 817152K, used 221184K [0x0000000092a00000, 0x0000000100000000)
  region size 1024K, 2 young (2048K), 2 survivors (2048K)
 Metaspace       used 1340K, capacity 5063K, committed 5120K, reserved 1056768K
  class space    used 123K, capacity 477K, committed 512K, reserved 1048576K
GC Heap History (20 events):
Event: 8.318 GC heap after
{Heap after GC invocations=7 (full 0):
 garbage-first heap   total 129024K, used 94720K [0x0000000092a00000, 0x0000000100000000)
  region size 1024K, 2 young (2048K), 2 survivors (2048K)
 Metaspace       used 1340K, capacity 5063K, committed 5120K, reserved 1056768K
  class space    used 123K, capacity 477K, committed 512K, reserved 1048576K
}
Event: 8.333 GC heap before
{Heap before GC invocations=7 (full 0):
 garbage-first heap   total 129024K, used 100864K [0x0000000092a00000, 0x0000000100000000)
  region size 1024K, 8 young (8192K), 2 survivors (2048K)
 Metaspace       used 1340K, capacity 5063K, committed 5120K, reserved 1056768K
  class space    used 123K, capacity 477K, committed 512K, reserved 1048576K
}
Event: 8.342 GC heap after
{Heap after GC invocations=8 (full 0):
 garbage-first heap   total 129024K, used 101888K [0x0000000092a00000, 0x0000000100000000)
  region size 1024K, 1 young (1024K), 1 survivors (1024K)
 Metaspace       used 1340K, capacity 5063K, committed 5120K, reserved 1056768K
  class space    used 123K, capacity 477K, committed 512K, reserved 1048576K
}
Event: 8.351 GC heap before
{Heap before GC invocations=8 (full 0):
 garbage-first heap   total 129024K, used 107008K [0x0000000092a00000, 0x0000000100000000)
  region size 1024K, 6 young (6144K), 1 survivors (1024K)
 Metaspace       used 1340K, capacity 5063K, committed 5120K, reserved 1056768K
  class space    used 123K, capacity 477K, committed 512K, reserved 1048576K
}
Event: 8.357 GC heap after
{Heap after GC invocations=9 (full 0):
 garbage-first heap   total 129024K, used 108032K [0x0000000092a00000, 0x0000000100000000)
  region size 1024K, 1 young (1024K), 1 survivors (1024K)
 Metaspace       used 1340K, capacity 5063K, committed 5120K, reserved 1056768K
  class space    used 123K, capacity 477K, committed 512K, reserved 1048576K
}
Event: 8.364 GC heap before
{Heap before GC invocations=9 (full 0):
 garbage-first heap   total 129024K, used 113152K [0x0000000092a00000, 0x0000000100000000)
  region size 1024K, 6 young (6144K), 1 survivors (1024K)
 Metaspace       used 1340K, capacity 5063K, committed 5120K, reserved 1056768K
  class space    used 123K, capacity 477K, committed 512K, reserved 1048576K
}
Event: 8.371 GC heap after
{Heap after GC invocations=10 (full 0):
 garbage-first heap   total 129024K, used 113664K [0x0000000092a00000, 0x0000000100000000)
  region size 1024K, 1 young (1024K), 1 survivors (1024K)
 Metaspace       used 1340K, capacity 5063K, committed 5120K, reserved 1056768K
  class space    used 123K, capacity 477K, committed 512K, reserved 1048576K
}
Event: 8.383 GC heap before
{Heap before GC invocations=10 (full 0):
 garbage-first heap   total 129024K, used 118784K [0x0000000092a00000, 0x0000000100000000)
  region size 1024K, 6 young (6144K), 1 survivors (1024K)
 Metaspace       used 1340K, capacity 5063K, committed 5120K, reserved 1056768K
  class space    used 123K, capacity 477K, committed 512K, reserved 1048576K
}
Event: 8.388 GC heap after
{Heap after GC invocations=11 (full 0):
 garbage-first heap   total 129024K, used 119129K [0x0000000092a00000, 0x0000000100000000)
  region size 1024K, 1 young (1024K), 1 survivors (1024K)
 Metaspace       used 1340K, capacity 5063K, committed 5120K, reserved 1056768K
  class space    used 123K, capacity 477K, committed 512K, reserved 1048576K
}
Event: 8.401 GC heap before
{Heap before GC invocations=11 (full 0):
 garbage-first heap   total 129024K, used 124249K [0x0000000092a00000, 0x0000000100000000)
  region size 1024K, 6 young (6144K), 1 survivors (1024K)
 Metaspace       used 1340K, capacity 5063K, committed 5120K, reserved 1056768K
  class space    used 123K, capacity 477K, committed 512K, reserved 1048576K
}
Event: 8.406 GC heap after
{Heap after GC invocations=12 (full 0):
 garbage-first heap   total 131072K, used 124919K [0x0000000092a00000, 0x0000000100000000)
  region size 1024K, 1 young (1024K), 1 survivors (1024K)
 Metaspace       used 1340K, capacity 5063K, committed 5120K, reserved 1056768K
  class space    used 123K, capacity 477K, committed 512K, reserved 1048576K
}
Event: 8.418 GC heap before
{Heap before GC invocations=12 (full 0):
 garbage-first heap   total 131072K, used 130039K [0x0000000092a00000, 0x0000000100000000)
  region size 1024K, 6 young (6144K), 1 survivors (1024K)
 Metaspace       used 1340K, capacity 5063K, committed 5120K, reserved 1056768K
  class space    used 123K, capacity 477K, committed 512K, reserved 1048576K
}
Event: 8.425 GC heap after
{Heap after GC invocations=13 (full 0):
 garbage-first heap   total 272384K, used 130048K [0x0000000092a00000, 0x0000000100000000)
  region size 1024K, 1 young (1024K), 1 survivors (1024K)
 Metaspace       used 1340K, capacity 5063K, committed 5120K, reserved 1056768K
  class space    used 123K, capacity 477K, committed 512K, reserved 1048576K
}
Event: 8.481 GC heap before
{Heap before GC invocations=13 (full 0):
 garbage-first heap   total 272384K, used 165888K [0x0000000092a00000, 0x0000000100000000)
  region size 1024K, 36 young (36864K), 1 survivors (1024K)
 Metaspace       used 1340K, capacity 5063K, committed 5120K, reserved 1056768K
  class space    used 123K, capacity 477K, committed 512K, reserved 1048576K
}
Event: 8.507 GC heap after
{Heap after GC invocations=14 (full 0):
 garbage-first heap   total 272384K, used 165872K [0x0000000092a00000, 0x0000000100000000)
  region size 1024K, 5 young (5120K), 5 survivors (5120K)
 Metaspace       used 1340K, capacity 5063K, committed 5120K, reserved 1056768K
  class space    used 123K, capacity 477K, committed 512K, reserved 1048576K
}
Event: 8.545 GC heap before
{Heap before GC invocations=15 (full 0):
 garbage-first heap   total 272384K, used 190448K [0x0000000092a00000, 0x0000000100000000)
  region size 1024K, 29 young (29696K), 5 survivors (5120K)
 Metaspace       used 1340K, capacity 5063K, committed 5120K, reserved 1056768K
  class space    used 123K, capacity 477K, committed 512K, reserved 1048576K
}
Event: 8.564 GC heap after
{Heap after GC invocations=16 (full 0):
 garbage-first heap   total 272384K, used 192000K [0x0000000092a00000, 0x0000000100000000)
  region size 1024K, 4 young (4096K), 4 survivors (4096K)
 Metaspace       used 1340K, capacity 5063K, committed 5120K, reserved 1056768K
  class space    used 123K, capacity 477K, committed 512K, reserved 1048576K
}
Event: 8.583 GC heap before
{Heap before GC invocations=16 (full 0):
 garbage-first heap   total 272384K, used 208384K [0x0000000092a00000, 0x0000000100000000)
  region size 1024K, 20 young (20480K), 4 survivors (4096K)
 Metaspace       used 1340K, capacity 5063K, committed 5120K, reserved 1056768K
  class space    used 123K, capacity 477K, committed 512K, reserved 1048576K
}
Event: 8.598 GC heap after
{Heap after GC invocations=17 (full 0):
 garbage-first heap   total 272384K, used 209920K [0x0000000092a00000, 0x0000000100000000)
  region size 1024K, 3 young (3072K), 3 survivors (3072K)
 Metaspace       used 1340K, capacity 5063K, committed 5120K, reserved 1056768K
  class space    used 123K, capacity 477K, committed 512K, reserved 1048576K
}
Event: 8.613 GC heap before
{Heap before GC invocations=17 (full 0):
 garbage-first heap   total 272384K, used 220160K [0x0000000092a00000, 0x0000000100000000)
  region size 1024K, 13 young (13312K), 3 survivors (3072K)
 Metaspace       used 1340K, capacity 5063K, committed 5120K, reserved 1056768K
  class space    used 123K, capacity 477K, committed 512K, reserved 1048576K
}

